[INFO] 29-07-2023 00:04:11 [main] [LogUtils] - Warning !! Can not Load All File.
[INFO] 29-07-2023 00:04:19 [main] [LogUtils] - Driver in TestContext: ChromeDriver: chrome on mac (f02832ebd38a575baddef5779f4adeca)
[INFO] 29-07-2023 00:04:26 [main] [LogUtils] - Open Admin Login Page URL: https://admin-dev.nowbookit.com/
[INFO] 29-07-2023 00:04:26 [main] [LogUtils] - element gets visible: true
[INFO] 29-07-2023 00:04:26 [main] [LogUtils] - element gets visible: true
[INFO] 29-07-2023 00:04:28 [main] [LogUtils] - Set text z.d.r.a.v.k.o.stojkoski@gmail.com on By.xpath: //input[@name='username']
[INFO] 29-07-2023 00:04:29 [main] [LogUtils] - element gets visible: true
[INFO] 29-07-2023 00:04:29 [main] [LogUtils] - element gets visible: true
[INFO] 29-07-2023 00:04:30 [main] [LogUtils] - Set text ThePassword01##!! on By.xpath: //input[@name='password']
[INFO] 29-07-2023 00:04:30 [main] [LogUtils] - element gets visible: true
[INFO] 29-07-2023 00:04:33 [main] [LogUtils] - Clicked on the element By.xpath: //button[text()='Login']
[INFO] 29-07-2023 00:04:35 [main] [LogUtils] - element gets visible: true
[INFO] 29-07-2023 00:04:35 [main] [LogUtils] - Clicked on the element By.xpath: //button[text()='Admin Portal']
[INFO] 29-07-2023 00:04:39 [main] [LogUtils] - element gets visible: true
[INFO] 29-07-2023 00:04:45 [main] [LogUtils] - Clicked on the element By.xpath: //td[text()='My Pizza Shop']
[INFO] 29-07-2023 00:04:52 [main] [LogUtils] - element gets visible: true
[INFO] 29-07-2023 00:04:54 [main] [LogUtils] - Clicked on the element By.xpath: //button[text()='Open Restaurant']
[INFO] 29-07-2023 00:05:39 [main] [LogUtils] - element gets visible: true
[INFO] 29-07-2023 00:05:40 [main] [LogUtils] - element gets visible: true
[ERROR] 29-07-2023 00:06:19 [main] [LogUtils] - Timeout waiting for the element Visible. By.xpath: //input[@name='username']
[INFO] 29-07-2023 01:17:21 [main] [LogUtils] - Warning !! Can not Load All File.
[INFO] 29-07-2023 01:17:28 [main] [LogUtils] - Driver in TestContext: ChromeDriver: chrome on mac (0e4fc88c60e69890c191d96a6a9bacbf)
[INFO] 29-07-2023 01:17:35 [main] [LogUtils] - Open Admin Login Page URL: https://admin-dev.nowbookit.com/
[INFO] 29-07-2023 01:17:35 [main] [LogUtils] - element gets visible: true
[INFO] 29-07-2023 01:17:35 [main] [LogUtils] - element gets visible: true
[INFO] 29-07-2023 01:17:37 [main] [LogUtils] - Set text z.d.r.a.v.k.o.stojkoski@gmail.com on By.xpath: //input[@name='username']
[INFO] 29-07-2023 01:17:38 [main] [LogUtils] - element gets visible: true
[INFO] 29-07-2023 01:17:39 [main] [LogUtils] - element gets visible: true
[INFO] 29-07-2023 01:17:40 [main] [LogUtils] - Set text ThePassword01##!! on By.xpath: //input[@name='password']
[INFO] 29-07-2023 01:17:40 [main] [LogUtils] - element gets visible: true
[INFO] 29-07-2023 01:17:42 [main] [LogUtils] - Clicked on the element By.xpath: //button[text()='Login']
[INFO] 29-07-2023 01:17:44 [main] [LogUtils] - element gets visible: true
[INFO] 29-07-2023 01:17:44 [main] [LogUtils] - Clicked on the element By.xpath: //button[text()='Admin Portal']
[INFO] 29-07-2023 01:17:48 [main] [LogUtils] - element gets visible: true
[INFO] 29-07-2023 01:17:55 [main] [LogUtils] - Clicked on the element By.xpath: //td[text()='My Pizza Shop']
[INFO] 29-07-2023 01:18:02 [main] [LogUtils] - element gets visible: true
[INFO] 29-07-2023 01:18:03 [main] [LogUtils] - Clicked on the element By.xpath: //button[text()='Booking Widget']
[INFO] 29-07-2023 01:18:03 [main] [LogUtils] - element gets visible: true
[INFO] 29-07-2023 01:18:03 [main] [LogUtils] - Clicked on the element By.xpath: //button[text()='Open Booking Widget']
